#
# There is insufficient memory for the Java Runtime Environment to continue.
# Native memory allocation (malloc) failed to allocate 32744 bytes for ChunkPool::allocate
# Possible reasons:
#   The system is out of physical RAM or swap space
#   The process is running with CompressedOops enabled, and the Java Heap may be blocking the growth of the native heap
# Possible solutions:
#   Reduce memory load on the system
#   Increase physical memory or swap space
#   Check if swap backing store is full
#   Decrease Java heap size (-Xmx/-Xms)
#   Decrease number of Java threads
#   Decrease Java thread stack sizes (-Xss)
#   Set larger code cache with -XX:ReservedCodeCacheSize=
#   JVM is running with Unscaled Compressed Oops mode in which the Java heap is
#     placed in the first 4GB address space. The Java Heap base address is the
#     maximum limit for the native heap growth. Please use -XX:HeapBaseMinAddress
#     to set the Java Heap base and to place the Java Heap above 4GB virtual address.
# This output file may be truncated or incomplete.
#
#  Out of Memory Error (t:/workspace/open/src/hotspot/share/memory/arena.cpp:82), pid=9744, tid=2120
#
# JRE version: Java(TM) SE Runtime Environment (10.0.2+13) (build 10.0.2+13)
# Java VM: Java HotSpot(TM) 64-Bit Server VM (10.0.2+13, mixed mode, tiered, compressed oops, g1 gc, windows-amd64)
# No core dump will be written. Minidumps are not enabled by default on client versions of Windows
#

---------------  S U M M A R Y ------------

Command Line: -Dorg.gradle.appname=gradlew org.gradle.wrapper.GradleWrapperMain installDebug

Host: Intel(R) Core(TM) i5-4210U CPU @ 1.70GHz, 4 cores, 7G,  Windows 10 , 64 bit Build 16299 (10.0.16299.15)
Time: Sat Nov 03 15:44:47 2018 India Standard Time elapsed time: 33 seconds (0d 0h 0m 33s)

---------------  T H R E A D  ---------------

Current thread (0x00000142e57d3800):  JavaThread "C2 CompilerThread0" daemon [_thread_in_native, id=2120, stack(0x00000032a1a00000,0x00000032a1b00000)]


Current CompileTask:
C2:  33151 1865 % !   4       java.io.BufferedReader::readLine @ 131 (304 bytes)

Stack: [0x00000032a1a00000,0x00000032a1b00000]
Native frames: (J=compiled Java code, j=interpreted, Vv=VM code, C=native code)
V  [jvm.dll+0x5a01a9]
V  [jvm.dll+0x6bcf31]
V  [jvm.dll+0x6be126]
V  [jvm.dll+0x6be7b3]
V  [jvm.dll+0x234978]
V  [jvm.dll+0xbb8fb]
V  [jvm.dll+0xbb6ea]
V  [jvm.dll+0xbbbac]
V  [jvm.dll+0xbb7a8]
V  [jvm.dll+0x581de0]
V  [jvm.dll+0x5d1464]
V  [jvm.dll+0x18f0f8]
V  [jvm.dll+0x1fff9d]
V  [jvm.dll+0x1ff116]
V  [jvm.dll+0x17c94b]
V  [jvm.dll+0x20c8dd]
V  [jvm.dll+0x20b6a6]
V  [jvm.dll+0x68b7ff]
V  [jvm.dll+0x59f4b0]
C  [msvcr120.dll+0x24f7f]
C  [msvcr120.dll+0x25126]
C  [KERNEL32.DLL+0x11fe4]
C  [ntdll.dll+0x6ef91]


---------------  P R O C E S S  ---------------

Threads class SMR info:
_java_thread_list=0x00000142e6bb42d0, length=13, elements={
0x00000142c43f2800, 0x00000142e57a7800, 0x00000142e57b1800, 0x00000142e57c6800,
0x00000142e57c7800, 0x00000142e57d3800, 0x00000142e57d8000, 0x00000142e57dc000,
0x00000142e57dd000, 0x00000142e62d5000, 0x00000142e62df800, 0x00000142e6b89800,
0x00000142e6cce800
}

Java Threads: ( => current thread )
  0x00000142c43f2800 JavaThread "main" [_thread_in_native, id=7704, stack(0x00000032a0800000,0x00000032a0900000)]
  0x00000142e57a7800 JavaThread "Reference Handler" daemon [_thread_blocked, id=8052, stack(0x00000032a1500000,0x00000032a1600000)]
  0x00000142e57b1800 JavaThread "Finalizer" daemon [_thread_blocked, id=12780, stack(0x00000032a1600000,0x00000032a1700000)]
  0x00000142e57c6800 JavaThread "Signal Dispatcher" daemon [_thread_blocked, id=3612, stack(0x00000032a1800000,0x00000032a1900000)]
  0x00000142e57c7800 JavaThread "Attach Listener" daemon [_thread_blocked, id=3920, stack(0x00000032a1900000,0x00000032a1a00000)]
=>0x00000142e57d3800 JavaThread "C2 CompilerThread0" daemon [_thread_in_native, id=2120, stack(0x00000032a1a00000,0x00000032a1b00000)]
  0x00000142e57d8000 JavaThread "C2 CompilerThread1" daemon [_thread_blocked, id=12864, stack(0x00000032a1b00000,0x00000032a1c00000)]
  0x00000142e57dc000 JavaThread "C1 CompilerThread2" daemon [_thread_blocked, id=4976, stack(0x00000032a1c00000,0x00000032a1d00000)]
  0x00000142e57dd000 JavaThread "Sweeper thread" daemon [_thread_blocked, id=6236, stack(0x00000032a1d00000,0x00000032a1e00000)]
  0x00000142e62d5000 JavaThread "Service Thread" daemon [_thread_blocked, id=4292, stack(0x00000032a1e00000,0x00000032a1f00000)]
  0x00000142e62df800 JavaThread "Common-Cleaner" daemon [_thread_blocked, id=11828, stack(0x00000032a1f00000,0x00000032a2000000)]
  0x00000142e6b89800 JavaThread "pool-1-thread-1" [_thread_blocked, id=7412, stack(0x00000032a2100000,0x00000032a2200000)]
  0x00000142e6cce800 JavaThread "DisconnectableInputStream source reader" daemon [_thread_in_native, id=9736, stack(0x00000032a2600000,0x00000032a2700000)]

Other Threads:
  0x00000142e57a4000 VMThread "VM Thread" [stack: 0x00000032a1400000,0x00000032a1500000] [id=3700]
  0x00000142e62e0000 WatcherThread [stack: 0x00000032a2000000,0x00000032a2100000] [id=12336]
  0x00000142c440a800 GCTaskThread "GC Thread#0" [stack: 0x00000032a0900000,0x00000032a0a00000] [id=1096]
  0x00000142c440c000 GCTaskThread "GC Thread#1" [stack: 0x00000032a0a00000,0x00000032a0b00000] [id=9292]
  0x00000142c440e000 GCTaskThread "GC Thread#2" [stack: 0x00000032a0b00000,0x00000032a0c00000] [id=9856]
  0x00000142c4415000 GCTaskThread "GC Thread#3" [stack: 0x00000032a0c00000,0x00000032a0d00000] [id=9708]
  0x00000142c4489800 ConcurrentGCThread "G1 Main Marker" [stack: 0x00000032a0d00000,0x00000032a0e00000] [id=11448]
  0x00000142c441a000 ConcurrentGCThread "G1 Conc#0" [stack: 0x00000032a0e00000,0x00000032a0f00000] [id=12436]
  0x00000142c44ce000 ConcurrentGCThread "G1 Refine#0" [stack: 0x00000032a0f00000,0x00000032a1000000] [id=7728]
  0x00000142e562f800 ConcurrentGCThread "G1 Refine#1" [stack: 0x00000032a1000000,0x00000032a1100000] [id=1232]
  0x00000142e5631000 ConcurrentGCThread "G1 Refine#2" [stack: 0x00000032a1100000,0x00000032a1200000] [id=8452]
  0x00000142e5633800 ConcurrentGCThread "G1 Refine#3" [stack: 0x00000032a1200000,0x00000032a1300000] [id=12516]
  0x00000142e5638800 ConcurrentGCThread "G1 Young RemSet Sampling" [stack: 0x00000032a1300000,0x00000032a1400000] [id=12340]

Threads with active compile tasks:
C2 CompilerThread01865 % !   4       java.io.BufferedReader::readLine @ 131 (304 bytes)

VM state:not at safepoint (normal execution)

VM Mutex/Monitor currently owned by a thread: None

Heap address: 0x0000000081800000, size: 2024 MB, Compressed Oops mode: 32-bit
Narrow klass base: 0x0000000000000000, Narrow klass shift: 3
Compressed class space size: 1073741824 Address: 0x0000000100000000

Heap:
 garbage-first heap   total 131072K, used 21337K [0x0000000081800000, 0x0000000100000000)
  region size 1024K, 16 young (16384K), 1 survivors (1024K)
 Metaspace       used 16277K, capacity 16627K, committed 16768K, reserved 1064960K
  class space    used 1744K, capacity 1887K, committed 1920K, reserved 1048576K
Heap Regions: E=young(eden), S=young(survivor), O=old, HS=humongous(starts), HC=humongous(continues), CS=collection set, F=free, A=archive, TS=gc time stamp, AC=allocation context, TAMS=top-at-mark-start (previous, next)
|   0|0x0000000081800000, 0x0000000081900000, 0x0000000081900000|100%|HS|  |TS  0|AC  0|TAMS 0x0000000081800000, 0x0000000081800000|
|   1|0x0000000081900000, 0x0000000081a00000, 0x0000000081a00000|100%|HC|  |TS  0|AC  0|TAMS 0x0000000081900000, 0x0000000081900000|
|   2|0x0000000081a00000, 0x0000000081b00000, 0x0000000081b00000|100%| O|  |TS  1|AC  0|TAMS 0x0000000081a00000, 0x0000000081a00000|
|   3|0x0000000081b00000, 0x0000000081c00000, 0x0000000081c00000|100%| O|  |TS  1|AC  0|TAMS 0x0000000081b00000, 0x0000000081b00000|
|   4|0x0000000081c00000, 0x0000000081d00000, 0x0000000081d00000|100%| O|  |TS  2|AC  0|TAMS 0x0000000081c00000, 0x0000000081c00000|
|   5|0x0000000081d00000, 0x0000000081e00000, 0x0000000081e00000|100%| O|  |TS  2|AC  0|TAMS 0x0000000081d00000, 0x0000000081d00000|
|   6|0x0000000081e00000, 0x0000000081e0f000, 0x0000000081f00000|  5%| O|  |TS  2|AC  0|TAMS 0x0000000081e00000, 0x0000000081e00000|
|   7|0x0000000081f00000, 0x0000000081f00000, 0x0000000082000000|  0%| F|  |TS  0|AC  0|TAMS 0x0000000081f00000, 0x0000000081f00000|
|   8|0x0000000082000000, 0x0000000082000000, 0x0000000082100000|  0%| F|  |TS  0|AC  0|TAMS 0x0000000082000000, 0x0000000082000000|
|   9|0x0000000082100000, 0x0000000082100000, 0x0000000082200000|  0%| F|  |TS  0|AC  0|TAMS 0x0000000082100000, 0x0000000082100000|
|  10|0x0000000082200000, 0x0000000082200000, 0x0000000082300000|  0%| F|  |TS  0|AC  0|TAMS 0x0000000082200000, 0x0000000082200000|
|  11|0x0000000082300000, 0x0000000082300000, 0x0000000082400000|  0%| F|  |TS  0|AC  0|TAMS 0x0000000082300000, 0x0000000082300000|
|  12|0x0000000082400000, 0x0000000082400000, 0x0000000082500000|  0%| F|  |TS  0|AC  0|TAMS 0x0000000082400000, 0x0000000082400000|
|  13|0x0000000082500000, 0x0000000082500000, 0x0000000082600000|  0%| F|  |TS  0|AC  0|TAMS 0x0000000082500000, 0x0000000082500000|
|  14|0x0000000082600000, 0x0000000082600000, 0x0000000082700000|  0%| F|  |TS  0|AC  0|TAMS 0x0000000082600000, 0x0000000082600000|
|  15|0x0000000082700000, 0x0000000082700000, 0x0000000082800000|  0%| F|  |TS  0|AC  0|TAMS 0x0000000082700000, 0x0000000082700000|
|  16|0x0000000082800000, 0x0000000082800000, 0x0000000082900000|  0%| F|  |TS  0|AC  0|TAMS 0x0000000082800000, 0x0000000082800000|
|  17|0x0000000082900000, 0x0000000082900000, 0x0000000082a00000|  0%| F|  |TS  0|AC  0|TAMS 0x0000000082900000, 0x0000000082900000|
|  18|0x0000000082a00000, 0x0000000082a00000, 0x0000000082b00000|  0%| F|  |TS  0|AC  0|TAMS 0x0000000082a00000, 0x0000000082a00000|
|  19|0x0000000082b00000, 0x0000000082b00000, 0x0000000082c00000|  0%| F|  |TS  0|AC  0|TAMS 0x0000000082b00000, 0x0000000082b00000|
|  20|0x0000000082c00000, 0x0000000082c00000, 0x0000000082d00000|  0%| F|  |TS  0|AC  0|TAMS 0x0000000082c00000, 0x0000000082c00000|
|  21|0x0000000082d00000, 0x0000000082d00000, 0x0000000082e00000|  0%| F|  |TS  0|AC  0|TAMS 0x0000000082d00000, 0x0000000082d00000|
|  22|0x0000000082e00000, 0x0000000082e00000, 0x0000000082f00000|  0%| F|  |TS  0|AC  0|TAMS 0x0000000082e00000, 0x0000000082e00000|
|  23|0x0000000082f00000, 0x0000000082f00000, 0x0000000083000000|  0%| F|  |TS  0|AC  0|TAMS 0x0000000082f00000, 0x0000000082f00000|
|  24|0x0000000083000000, 0x0000000083000000, 0x0000000083100000|  0%| F|  |TS  0|AC  0|TAMS 0x0000000083000000, 0x0000000083000000|
|  25|0x0000000083100000, 0x0000000083100000, 0x0000000083200000|  0%| F|  |TS  0|AC  0|TAMS 0x0000000083100000, 0x0000000083100000|
|  26|0x0000000083200000, 0x0000000083200000, 0x0000000083300000|  0%| F|  |TS  0|AC  0|TAMS 0x0000000083200000, 0x0000000083200000|
|  27|0x0000000083300000, 0x0000000083300000, 0x0000000083400000|  0%| F|  |TS  0|AC  0|TAMS 0x0000000083300000, 0x0000000083300000|
|  28|0x0000000083400000, 0x0000000083400000, 0x0000000083500000|  0%| F|  |TS  0|AC  0|TAMS 0x0000000083400000, 0x0000000083400000|
|  29|0x0000000083500000, 0x0000000083500000, 0x0000000083600000|  0%| F|  |TS  0|AC  0|TAMS 0x0000000083500000, 0x0000000083500000|
|  30|0x0000000083600000, 0x0000000083600000, 0x0000000083700000|  0%| F|  |TS  0|AC  0|TAMS 0x0000000083600000, 0x0000000083600000|
|  31|0x0000000083700000, 0x0000000083700000, 0x0000000083800000|  0%| F|  |TS  0|AC  0|TAMS 0x0000000083700000, 0x0000000083700000|
|  32|0x0000000083800000, 0x0000000083800000, 0x0000000083900000|  0%| F|  |TS  0|AC  0|TAMS 0x0000000083800000, 0x0000000083800000|
|  33|0x0000000083900000, 0x0000000083900000, 0x0000000083a00000|  0%| F|  |TS  0|AC  0|TAMS 0x0000000083900000, 0x0000000083900000|
|  34|0x0000000083a00000, 0x0000000083a00000, 0x0000000083b00000|  0%| F|  |TS  0|AC  0|TAMS 0x0000000083a00000, 0x0000000083a00000|
|  35|0x0000000083b00000, 0x0000000083b00000, 0x0000000083c00000|  0%| F|  |TS  0|AC  0|TAMS 0x0000000083b00000, 0x0000000083b00000|
|  36|0x0000000083c00000, 0x0000000083c00000, 0x0000000083d00000|  0%| F|  |TS  0|AC  0|TAMS 0x0000000083c00000, 0x0000000083c00000|
|  37|0x0000000083d00000, 0x0000000083d00000, 0x0000000083e00000|  0%| F|  |TS  0|AC  0|TAMS 0x0000000083d00000, 0x0000000083d00000|
|  38|0x0000000083e00000, 0x0000000083e00000, 0x0000000083f00000|  0%| F|  |TS  0|AC  0|TAMS 0x0000000083e00000, 0x0000000083e00000|
|  39|0x0000000083f00000, 0x0000000083f00000, 0x0000000084000000|  0%| F|  |TS  0|AC  0|TAMS 0x0000000083f00000, 0x0000000083f00000|
|  40|0x0000000084000000, 0x0000000084000000, 0x0000000084100000|  0%| F|  |TS  0|AC  0|TAMS 0x0000000084000000, 0x0000000084000000|
|  41|0x0000000084100000, 0x0000000084100000, 0x0000000084200000|  0%| F|  |TS  0|AC  0|TAMS 0x0000000084100000, 0x0000000084100000|
|  42|0x0000000084200000, 0x0000000084200000, 0x0000000084300000|  0%| F|  |TS  0|AC  0|TAMS 0x0000000084200000, 0x0000000084200000|
|  43|0x0000000084300000, 0x0000000084300000, 0x0000000084400000|  0%| F|  |TS  0|AC  0|TAMS 0x0000000084300000, 0x0000000084300000|
|  44|0x0000000084400000, 0x0000000084400000, 0x0000000084500000|  0%| F|  |TS  0|AC  0|TAMS 0x0000000084400000, 0x0000000084400000|
|  45|0x0000000084500000, 0x0000000084500000, 0x0000000084600000|  0%| F|  |TS  0|AC  0|TAMS 0x0000000084500000, 0x0000000084500000|
|  46|0x0000000084600000, 0x0000000084600000, 0x0000000084700000|  0%| F|  |TS  0|AC  0|TAMS 0x0000000084600000, 0x0000000084600000|
|  47|0x0000000084700000, 0x0000000084700000, 0x0000000084800000|  0%| F|  |TS  0|AC  0|TAMS 0x0000000084700000, 0x0000000084700000|
|  48|0x0000000084800000, 0x0000000084800000, 0x0000000084900000|  0%| F|  |TS  0|AC  0|TAMS 0x0000000084800000, 0x0000000084800000|
|  49|0x0000000084900000, 0x0000000084900000, 0x0000000084a00000|  0%| F|  |TS  0|AC  0|TAMS 0x0000000084900000, 0x0000000084900000|
|  50|0x0000000084a00000, 0x0000000084a00000, 0x0000000084b00000|  0%| F|  |TS  0|AC  0|TAMS 0x0000000084a00000, 0x0000000084a00000|
|  51|0x0000000084b00000, 0x0000000084b00000, 0x0000000084c00000|  0%| F|  |TS  0|AC  0|TAMS 0x0000000084b00000, 0x0000000084b00000|
|  52|0x0000000084c00000, 0x0000000084c00000, 0x0000000084d00000|  0%| F|  |TS  0|AC  0|TAMS 0x0000000084c00000, 0x0000000084c00000|
|  53|0x0000000084d00000, 0x0000000084d00000, 0x0000000084e00000|  0%| F|  |TS  0|AC  0|TAMS 0x0000000084d00000, 0x0000000084d00000|
|  54|0x0000000084e00000, 0x0000000084e00000, 0x0000000084f00000|  0%| F|  |TS  0|AC  0|TAMS 0x0000000084e00000, 0x0000000084e00000|
|  55|0x0000000084f00000, 0x0000000084f00000, 0x0000000085000000|  0%| F|  |TS  0|AC  0|TAMS 0x0000000084f00000, 0x0000000084f00000|
|  56|0x0000000085000000, 0x0000000085000000, 0x0000000085100000|  0%| F|  |TS  0|AC  0|TAMS 0x0000000085000000, 0x0000000085000000|
|  57|0x0000000085100000, 0x0000000085100000, 0x0000000085200000|  0%| F|  |TS  0|AC  0|TAMS 0x0000000085100000, 0x0000000085100000|
|  58|0x0000000085200000, 0x0000000085200000, 0x0000000085300000|  0%| F|  |TS  0|AC  0|TAMS 0x0000000085200000, 0x0000000085200000|
|  59|0x0000000085300000, 0x0000000085300000, 0x0000000085400000|  0%| F|  |TS  0|AC  0|TAMS 0x0000000085300000, 0x0000000085300000|
|  60|0x0000000085400000, 0x0000000085400000, 0x0000000085500000|  0%| F|  |TS  0|AC  0|TAMS 0x0000000085400000, 0x0000000085400000|
|  61|0x0000000085500000, 0x0000000085500000, 0x0000000085600000|  0%| F|  |TS  0|AC  0|TAMS 0x0000000085500000, 0x0000000085500000|
|  62|0x0000000085600000, 0x0000000085600000, 0x0000000085700000|  0%| F|  |TS  0|AC  0|TAMS 0x0000000085600000, 0x0000000085600000|
|  63|0x0000000085700000, 0x0000000085700000, 0x0000000085800000|  0%| F|  |TS  0|AC  0|TAMS 0x0000000085700000, 0x0000000085700000|
|  64|0x0000000085800000, 0x0000000085800000, 0x0000000085900000|  0%| F|  |TS  0|AC  0|TAMS 0x0000000085800000, 0x0000000085800000|
|  65|0x0000000085900000, 0x0000000085900000, 0x0000000085a00000|  0%| F|  |TS  0|AC  0|TAMS 0x0000000085900000, 0x0000000085900000|
|  66|0x0000000085a00000, 0x0000000085a00000, 0x0000000085b00000|  0%| F|  |TS  0|AC  0|TAMS 0x0000000085a00000, 0x0000000085a00000|
|  67|0x0000000085b00000, 0x0000000085b00000, 0x0000000085c00000|  0%| F|  |TS  0|AC  0|TAMS 0x0000000085b00000, 0x0000000085b00000|
|  68|0x0000000085c00000, 0x0000000085c00000, 0x0000000085d00000|  0%| F|  |TS  0|AC  0|TAMS 0x0000000085c00000, 0x0000000085c00000|
|  69|0x0000000085d00000, 0x0000000085d00000, 0x0000000085e00000|  0%| F|  |TS  0|AC  0|TAMS 0x0000000085d00000, 0x0000000085d00000|
|  70|0x0000000085e00000, 0x0000000085e00000, 0x0000000085f00000|  0%| F|  |TS  0|AC  0|TAMS 0x0000000085e00000, 0x0000000085e00000|
|  71|0x0000000085f00000, 0x0000000085f00000, 0x0000000086000000|  0%| F|  |TS  0|AC  0|TAMS 0x0000000085f00000, 0x0000000085f00000|
|  72|0x0000000086000000, 0x0000000086000000, 0x0000000086100000|  0%| F|  |TS  0|AC  0|TAMS 0x0000000086000000, 0x0000000086000000|
|  73|0x0000000086100000, 0x0000000086100000, 0x0000000086200000|  0%| F|  |TS  0|AC  0|TAMS 0x0000000086100000, 0x0000000086100000|
|  74|0x0000000086200000, 0x0000000086200000, 0x0000000086300000|  0%| F|  |TS  0|AC  0|TAMS 0x0000000086200000, 0x0000000086200000|
|  75|0x0000000086300000, 0x0000000086300000, 0x0000000086400000|  0%| F|  |TS  0|AC  0|TAMS 0x0000000086300000, 0x0000000086300000|
|  76|0x0000000086400000, 0x0000000086400000, 0x0000000086500000|  0%| F|  |TS  0|AC  0|TAMS 0x0000000086400000, 0x0000000086400000|
|  77|0x0000000086500000, 0x0000000086500000, 0x0000000086600000|  0%| F|  |TS  0|AC  0|TAMS 0x0000000086500000, 0x0000000086500000|
|  78|0x0000000086600000, 0x0000000086600000, 0x0000000086700000|  0%| F|  |TS  0|AC  0|TAMS 0x0000000086600000, 0x0000000086600000|
|  79|0x0000000086700000, 0x0000000086700000, 0x0000000086800000|  0%| F|  |TS  0|AC  0|TAMS 0x0000000086700000, 0x0000000086700000|
|  80|0x0000000086800000, 0x0000000086800000, 0x0000000086900000|  0%| F|  |TS  0|AC  0|TAMS 0x0000000086800000, 0x0000000086800000|
|  81|0x0000000086900000, 0x0000000086900000, 0x0000000086a00000|  0%| F|  |TS  0|AC  0|TAMS 0x0000000086900000, 0x0000000086900000|
|  82|0x0000000086a00000, 0x0000000086a00000, 0x0000000086b00000|  0%| F|  |TS  0|AC  0|TAMS 0x0000000086a00000, 0x0000000086a00000|
|  83|0x0000000086b00000, 0x0000000086b00000, 0x0000000086c00000|  0%| F|  |TS  0|AC  0|TAMS 0x0000000086b00000, 0x0000000086b00000|
|  84|0x0000000086c00000, 0x0000000086c00000, 0x0000000086d00000|  0%| F|  |TS  0|AC  0|TAMS 0x0000000086c00000, 0x0000000086c00000|
|  85|0x0000000086d00000, 0x0000000086d00000, 0x0000000086e00000|  0%| F|  |TS  0|AC  0|TAMS 0x0000000086d00000, 0x0000000086d00000|
|  86|0x0000000086e00000, 0x0000000086e00000, 0x0000000086f00000|  0%| F|  |TS  0|AC  0|TAMS 0x0000000086e00000, 0x0000000086e00000|
|  87|0x0000000086f00000, 0x0000000086f00000, 0x0000000087000000|  0%| F|  |TS  0|AC  0|TAMS 0x0000000086f00000, 0x0000000086f00000|
|  88|0x0000000087000000, 0x0000000087000000, 0x0000000087100000|  0%| F|  |TS  0|AC  0|TAMS 0x0000000087000000, 0x0000000087000000|
|  89|0x0000000087100000, 0x0000000087100000, 0x0000000087200000|  0%| F|  |TS  0|AC  0|TAMS 0x0000000087100000, 0x0000000087100000|
|  90|0x0000000087200000, 0x0000000087200000, 0x0000000087300000|  0%| F|  |TS  0|AC  0|TAMS 0x0000000087200000, 0x0000000087200000|
|  91|0x0000000087300000, 0x0000000087300000, 0x0000000087400000|  0%| F|  |TS  0|AC  0|TAMS 0x0000000087300000, 0x0000000087300000|
|  92|0x0000000087400000, 0x0000000087400000, 0x0000000087500000|  0%| F|  |TS  0|AC  0|TAMS 0x0000000087400000, 0x0000000087400000|
|  93|0x0000000087500000, 0x0000000087500000, 0x0000000087600000|  0%| F|  |TS  0|AC  0|TAMS 0x0000000087500000, 0x0000000087500000|
|  94|0x0000000087600000, 0x0000000087600000, 0x0000000087700000|  0%| F|  |TS  0|AC  0|TAMS 0x0000000087600000, 0x0000000087600000|
|  95|0x0000000087700000, 0x0000000087700000, 0x0000000087800000|  0%| F|  |TS  0|AC  0|TAMS 0x0000000087700000, 0x0000000087700000|
|  96|0x0000000087800000, 0x0000000087800000, 0x0000000087900000|  0%| F|  |TS  0|AC  0|TAMS 0x0000000087800000, 0x0000000087800000|
|  97|0x0000000087900000, 0x0000000087900000, 0x0000000087a00000|  0%| F|  |TS  0|AC  0|TAMS 0x0000000087900000, 0x0000000087900000|
|  98|0x0000000087a00000, 0x0000000087a00000, 0x0000000087b00000|  0%| F|  |TS  0|AC  0|TAMS 0x0000000087a00000, 0x0000000087a00000|
|  99|0x0000000087b00000, 0x0000000087b00000, 0x0000000087c00000|  0%| F|  |TS  0|AC  0|TAMS 0x0000000087b00000, 0x0000000087b00000|
| 100|0x0000000087c00000, 0x0000000087c00000, 0x0000000087d00000|  0%| F|  |TS  0|AC  0|TAMS 0x0000000087c00000, 0x0000000087c00000|
| 101|0x0000000087d00000, 0x0000000087d00000, 0x0000000087e00000|  0%| F|  |TS  0|AC  0|TAMS 0x0000000087d00000, 0x0000000087d00000|
| 102|0x0000000087e00000, 0x0000000087e00000, 0x0000000087f00000|  0%| F|  |TS  0|AC  0|TAMS 0x0000000087e00000, 0x0000000087e00000|
| 103|0x0000000087f00000, 0x0000000087f00000, 0x0000000088000000|  0%| F|  |TS  0|AC  0|TAMS 0x0000000087f00000, 0x0000000087f00000|
| 104|0x0000000088000000, 0x0000000088000000, 0x0000000088100000|  0%| F|  |TS  0|AC  0|TAMS 0x0000000088000000, 0x0000000088000000|
| 105|0x0000000088100000, 0x0000000088100000, 0x0000000088200000|  0%| F|  |TS  0|AC  0|TAMS 0x0000000088100000, 0x0000000088100000|
| 106|0x0000000088200000, 0x0000000088200000, 0x0000000088300000|  0%| F|  |TS  0|AC  0|TAMS 0x0000000088200000, 0x0000000088200000|
| 107|0x0000000088300000, 0x0000000088300000, 0x0000000088400000|  0%| F|  |TS  0|AC  0|TAMS 0x0000000088300000, 0x0000000088300000|
| 108|0x0000000088400000, 0x0000000088400000, 0x0000000088500000|  0%| F|  |TS  0|AC  0|TAMS 0x0000000088400000, 0x0000000088400000|
| 109|0x0000000088500000, 0x0000000088500000, 0x0000000088600000|  0%| F|  |TS  0|AC  0|TAMS 0x0000000088500000, 0x0000000088500000|
| 110|0x0000000088600000, 0x0000000088600000, 0x0000000088700000|  0%| F|  |TS  0|AC  0|TAMS 0x0000000088600000, 0x0000000088600000|
| 111|0x0000000088700000, 0x0000000088700000, 0x0000000088800000|  0%| F|  |TS  0|AC  0|TAMS 0x0000000088700000, 0x0000000088700000|
| 112|0x0000000088800000, 0x0000000088880800, 0x0000000088900000| 50%| E|  |TS  2|AC  0|TAMS 0x0000000088800000, 0x0000000088800000|
| 113|0x0000000088900000, 0x0000000088a00000, 0x0000000088a00000|100%| E|CS|TS  2|AC  0|TAMS 0x0000000088900000, 0x0000000088900000|
| 114|0x0000000088a00000, 0x0000000088b00000, 0x0000000088b00000|100%| E|CS|TS  1|AC  0|TAMS 0x0000000088a00000, 0x0000000088a00000|
| 115|0x0000000088b00000, 0x0000000088bc7570, 0x0000000088c00000| 77%| S|CS|TS  2|AC  0|TAMS 0x0000000088b00000, 0x0000000088b00000|
| 116|0x0000000088c00000, 0x0000000088d00000, 0x0000000088d00000|100%| E|CS|TS  2|AC  0|TAMS 0x0000000088c00000, 0x0000000088c00000|
| 117|0x0000000088d00000, 0x0000000088e00000, 0x0000000088e00000|100%| E|CS|TS  2|AC  0|TAMS 0x0000000088d00000, 0x0000000088d00000|
| 118|0x0000000088e00000, 0x0000000088f00000, 0x0000000088f00000|100%| E|CS|TS  2|AC  0|TAMS 0x0000000088e00000, 0x0000000088e00000|
| 119|0x0000000088f00000, 0x0000000089000000, 0x0000000089000000|100%| E|CS|TS  2|AC  0|TAMS 0x0000000088f00000, 0x0000000088f00000|
| 120|0x0000000089000000, 0x0000000089100000, 0x0000000089100000|100%| E|CS|TS  2|AC  0|TAMS 0x0000000089000000, 0x0000000089000000|
| 121|0x0000000089100000, 0x0000000089200000, 0x0000000089200000|100%| E|CS|TS  2|AC  0|TAMS 0x0000000089100000, 0x0000000089100000|
| 122|0x0000000089200000, 0x0000000089300000, 0x0000000089300000|100%| E|CS|TS  2|AC  0|TAMS 0x0000000089200000, 0x0000000089200000|
| 123|0x0000000089300000, 0x0000000089400000, 0x0000000089400000|100%| E|CS|TS  2|AC  0|TAMS 0x0000000089300000, 0x0000000089300000|
| 124|0x0000000089400000, 0x0000000089500000, 0x0000000089500000|100%| E|CS|TS  2|AC  0|TAMS 0x0000000089400000, 0x0000000089400000|
| 125|0x0000000089500000, 0x0000000089600000, 0x0000000089600000|100%| E|CS|TS  2|AC  0|TAMS 0x0000000089500000, 0x0000000089500000|
| 126|0x0000000089600000, 0x0000000089700000, 0x0000000089700000|100%| E|CS|TS  2|AC  0|TAMS 0x0000000089600000, 0x0000000089600000|
| 127|0x0000000089700000, 0x0000000089800000, 0x0000000089800000|100%| E|CS|TS  2|AC  0|TAMS 0x0000000089700000, 0x0000000089700000|

Card table byte_map: [0x00000142deb80000,0x00000142def80000] byte_map_base: 0x00000142de774000

Marking Bits (Prev, Next): (CMBitMap*) 0x00000142c4488b10, (CMBitMap*) 0x00000142c4488b48
 Prev Bits: [0x00000142df380000, 0x00000142e1320000)
 Next Bits: [0x00000142e1320000, 0x00000142e32c0000)

Polling page: 0x00000142c22f0000

CodeHeap 'non-profiled nmethods': size=120064Kb used=750Kb max_used=750Kb free=119314Kb
 bounds [0x00000142d7240000, 0x00000142d74b0000, 0x00000142de780000]
CodeHeap 'profiled nmethods': size=120000Kb used=3405Kb max_used=3405Kb free=116594Kb
 bounds [0x00000142cfd10000, 0x00000142d0070000, 0x00000142d7240000]
CodeHeap 'non-nmethods': size=5696Kb used=1110Kb max_used=1143Kb free=4585Kb
 bounds [0x00000142cf780000, 0x00000142cf9f0000, 0x00000142cfd10000]
 total_blobs=2704 nmethods=1872 adapters=336
 compilation: enabled

Compilation events (10 events):
Event: 33.098 Thread 0x00000142e57dc000 1870       3       java.util.concurrent.CopyOnWriteArrayList$COWIterator::hasNext (18 bytes)
Event: 33.098 Thread 0x00000142e57dc000 nmethod 1870 0x00000142d005ff90 code [0x00000142d0060140, 0x00000142d00602f8]
Event: 33.102 Thread 0x00000142e57dc000 1871       3       java.util.regex.Matcher::start (65 bytes)
Event: 33.104 Thread 0x00000142e57dc000 nmethod 1871 0x00000142d0060390 code [0x00000142d0060620, 0x00000142d00610d0]
Event: 33.104 Thread 0x00000142e57dc000 1872       3       jdk.internal.reflect.DelegatingMethodAccessorImpl::invoke (10 bytes)
Event: 33.104 Thread 0x00000142e57dc000 nmethod 1872 0x00000142d0061510 code [0x00000142d00616e0, 0x00000142d0061910]
Event: 33.104 Thread 0x00000142e57dc000 1873       3       org.gradle.internal.logging.events.StyledTextOutputEvent::render (55 bytes)
Event: 33.104 Thread 0x00000142e57dc000 nmethod 1873 0x00000142d0061a10 code [0x00000142d0061c40, 0x00000142d0062330]
Event: 33.104 Thread 0x00000142e57dc000 1874   !   3       java.nio.charset.Charset::defaultCharset (53 bytes)
Event: 33.105 Thread 0x00000142e57dc000 nmethod 1874 0x00000142d0062590 code [0x00000142d0062800, 0x00000142d0063350]

GC Heap History (4 events):
Event: 0.923 GC heap before
{Heap before GC invocations=0 (full 0):
 garbage-first heap   total 131072K, used 16384K [0x0000000081800000, 0x0000000100000000)
  region size 1024K, 14 young (14336K), 0 survivors (0K)
 Metaspace       used 9427K, capacity 9651K, committed 9728K, reserved 1058816K
  class space    used 922K, capacity 1006K, committed 1024K, reserved 1048576K
}
Event: 0.927 GC heap after
{Heap after GC invocations=1 (full 0):
 garbage-first heap   total 131072K, used 6308K [0x0000000081800000, 0x0000000100000000)
  region size 1024K, 2 young (2048K), 2 survivors (2048K)
 Metaspace       used 9427K, capacity 9651K, committed 9728K, reserved 1058816K
  class space    used 922K, capacity 1006K, committed 1024K, reserved 1048576K
}
Event: 1.768 GC heap before
{Heap before GC invocations=1 (full 0):
 garbage-first heap   total 131072K, used 18596K [0x0000000081800000, 0x0000000100000000)
  region size 1024K, 14 young (14336K), 2 survivors (2048K)
 Metaspace       used 13184K, capacity 13455K, committed 13696K, reserved 1060864K
  class space    used 1456K, capacity 1580K, committed 1664K, reserved 1048576K
}
Event: 1.775 GC heap after
{Heap after GC invocations=2 (full 0):
 garbage-first heap   total 131072K, used 7001K [0x0000000081800000, 0x0000000100000000)
  region size 1024K, 1 young (1024K), 1 survivors (1024K)
 Metaspace       used 13184K, capacity 13455K, committed 13696K, reserved 1060864K
  class space    used 1456K, capacity 1580K, committed 1664K, reserved 1048576K
}

Deoptimization events (10 events):
Event: 4.684 Thread 0x00000142c43f2800 Uncommon trap: reason=unstable_if action=reinterpret pc=0x00000142d7293c30 method=java.util.concurrent.ConcurrentHashMap.putVal(Ljava/lang/Object;Ljava/lang/Object;Z)Ljava/lang/Object; @ 231 c2
Event: 14.667 Thread 0x00000142e6b89800 Uncommon trap: reason=unstable_if action=reinterpret pc=0x00000142d72b56d8 method=java.io.PrintStream.write(I)V @ 19 c2
Event: 29.028 Thread 0x00000142c43f2800 Uncommon trap: reason=unstable_if action=reinterpret pc=0x00000142d72c1a94 method=com.esotericsoftware.kryo.io.Input.require(I)I @ 144 c2
Event: 33.075 Thread 0x00000142c43f2800 Uncommon trap: reason=unstable_if action=reinterpret pc=0x00000142d72f1134 method=com.esotericsoftware.kryo.io.Input.require(I)I @ 117 c2
Event: 33.078 Thread 0x00000142c43f2800 Uncommon trap: reason=unstable_if action=reinterpret pc=0x00000142d72cb90c method=org.gradle.internal.logging.sink.OutputEventRenderer$4.onOutput(Lorg/gradle/internal/logging/events/OutputEvent;)V @ 7 c2
Event: 33.078 Thread 0x00000142c43f2800 Uncommon trap: reason=unstable_if action=reinterpret pc=0x00000142d72d03fc method=org.gradle.internal.logging.sink.OutputEventRenderer$3.onOutput(Lorg/gradle/internal/logging/events/OutputEvent;)V @ 7 c2
Event: 33.103 Thread 0x00000142c43f2800 Uncommon trap: reason=class_check action=maybe_recompile pc=0x00000142d72defec method=org.gradle.internal.logging.sink.ProgressLogEventGenerator.onOutput(Lorg/gradle/internal/logging/events/OutputEvent;)V @ 45 c2
Event: 33.103 Thread 0x00000142c43f2800 Uncommon trap: reason=class_check action=maybe_recompile pc=0x00000142d72defec method=org.gradle.internal.logging.sink.ProgressLogEventGenerator.onOutput(Lorg/gradle/internal/logging/events/OutputEvent;)V @ 45 c2
Event: 33.103 Thread 0x00000142c43f2800 Uncommon trap: reason=class_check action=maybe_recompile pc=0x00000142d72defec method=org.gradle.internal.logging.sink.ProgressLogEventGenerator.onOutput(Lorg/gradle/internal/logging/events/OutputEvent;)V @ 45 c2
Event: 33.103 Thread 0x00000142c43f2800 Uncommon trap: reason=class_check action=maybe_recompile pc=0x00000142d72defec method=org.gradle.internal.logging.sink.ProgressLogEventGenerator.onOutput(Lorg/gradle/internal/logging/events/OutputEvent;)V @ 45 c2

Classes redefined (0 events):
No events

Internal exceptions (10 events):
Event: 4.715 Thread 0x00000142c43f2800 Exception <a 'java/lang/NoSuchMethodError'{0x00000000891a45c8}: <clinit>> (0x00000000891a45c8) thrown at [t:/workspace/open/src/hotspot/share/prims/jni.cpp, line 1366]
Event: 4.720 Thread 0x00000142c43f2800 Exception <a 'java/lang/NoSuchMethodError'{0x00000000891c39a8}: <clinit>> (0x00000000891c39a8) thrown at [t:/workspace/open/src/hotspot/share/prims/jni.cpp, line 1366]
Event: 4.721 Thread 0x00000142c43f2800 Exception <a 'java/lang/NoSuchMethodError'{0x00000000891cc608}: <clinit>> (0x00000000891cc608) thrown at [t:/workspace/open/src/hotspot/share/prims/jni.cpp, line 1366]
Event: 4.724 Thread 0x00000142c43f2800 Exception <a 'java/lang/NoSuchMethodError'{0x00000000891d6450}: <clinit>> (0x00000000891d6450) thrown at [t:/workspace/open/src/hotspot/share/prims/jni.cpp, line 1366]
Event: 4.732 Thread 0x00000142c43f2800 Exception <a 'java/lang/NoSuchMethodError'{0x00000000891ed480}: <clinit>> (0x00000000891ed480) thrown at [t:/workspace/open/src/hotspot/share/prims/jni.cpp, line 1366]
Event: 4.840 Thread 0x00000142c43f2800 Exception <a 'java/lang/NoSuchMethodError'{0x00000000891febf8}: method resolution failed> (0x00000000891febf8) thrown at [t:/workspace/open/src/hotspot/share/prims/methodHandles.cpp, line 1226]
Event: 4.845 Thread 0x00000142c43f2800 Exception <a 'java/lang/NoSuchMethodError'{0x0000000089015300}: <clinit>> (0x0000000089015300) thrown at [t:/workspace/open/src/hotspot/share/prims/jni.cpp, line 1366]
Event: 4.847 Thread 0x00000142c43f2800 Exception <a 'java/lang/NoSuchMethodError'{0x000000008901ed90}: <clinit>> (0x000000008901ed90) thrown at [t:/workspace/open/src/hotspot/share/prims/jni.cpp, line 1366]
Event: 33.075 Thread 0x00000142c43f2800 Exception <a 'java/io/IOException'{0x0000000088926780}> (0x0000000088926780) thrown at [t:/workspace/open/src/hotspot/share/prims/jni.cpp, line 611]
Event: 33.095 Thread 0x00000142e6c13000 Exception <a 'java/io/IOException'{0x0000000089080da0}> (0x0000000089080da0) thrown at [t:/workspace/open/src/hotspot/share/prims/jni.cpp, line 611]

Events (10 events):
Event: 33.103 Thread 0x00000142c43f2800 DEOPT PACKING pc=0x00000142d72defec sp=0x00000032a08fd2f0
Event: 33.103 Thread 0x00000142c43f2800 DEOPT UNPACKING pc=0x00000142cf7a8a2f sp=0x00000032a08fd258 mode 2
Event: 33.103 Thread 0x00000142c43f2800 Uncommon trap: trap_request=0xffffffde fr.pc=0x00000142d72defec relative=0x000000000000134c
Event: 33.103 Thread 0x00000142c43f2800 DEOPT PACKING pc=0x00000142d72defec sp=0x00000032a08fd280
Event: 33.103 Thread 0x00000142c43f2800 DEOPT UNPACKING pc=0x00000142cf7a8a2f sp=0x00000032a08fd1e8 mode 2
Event: 33.103 Thread 0x00000142c43f2800 Uncommon trap: trap_request=0xffffffde fr.pc=0x00000142d72defec relative=0x000000000000134c
Event: 33.103 Thread 0x00000142c43f2800 DEOPT PACKING pc=0x00000142d72defec sp=0x00000032a08fd210
Event: 33.103 Thread 0x00000142c43f2800 DEOPT UNPACKING pc=0x00000142cf7a8a2f sp=0x00000032a08fd178 mode 2
Event: 33.104 loading class org/gradle/internal/buildevents/BuildExceptionReporter$2
Event: 33.104 loading class org/gradle/internal/buildevents/BuildExceptionReporter$2 done


Dynamic libraries:
0x00007ff7cc650000 - 0x00007ff7cc68e000 	C:\Program Files\Java\jdk-10.0.2\bin\java.exe
0x00007ffeb1bf0000 - 0x00007ffeb1dd0000 	C:\Windows\SYSTEM32\ntdll.dll
0x00007ffeb1080000 - 0x00007ffeb112e000 	C:\Windows\System32\KERNEL32.DLL
0x00007ffeae2c0000 - 0x00007ffeae526000 	C:\Windows\System32\KERNELBASE.dll
0x00007ffeb1b10000 - 0x00007ffeb1bb1000 	C:\Windows\System32\ADVAPI32.dll
0x00007ffeaf0c0000 - 0x00007ffeaf15d000 	C:\Windows\System32\msvcrt.dll
0x00007ffeaf1f0000 - 0x00007ffeaf24b000 	C:\Windows\System32\sechost.dll
0x00007ffeaf470000 - 0x00007ffeaf58f000 	C:\Windows\System32\RPCRT4.dll
0x00007ffeb1530000 - 0x00007ffeb16bf000 	C:\Windows\System32\USER32.dll
0x00007ffeae6d0000 - 0x00007ffeae6f0000 	C:\Windows\System32\win32u.dll
0x00007ffeb09e0000 - 0x00007ffeb0a08000 	C:\Windows\System32\GDI32.dll
0x00007ffeae530000 - 0x00007ffeae6c3000 	C:\Windows\System32\gdi32full.dll
0x00007ffeae070000 - 0x00007ffeae10b000 	C:\Windows\System32\msvcp_win.dll
0x00007ffeae1c0000 - 0x00007ffeae2b6000 	C:\Windows\System32\ucrtbase.dll
0x00007ffe9fdc0000 - 0x00007ffea0029000 	C:\Windows\WinSxS\amd64_microsoft.windows.common-controls_6595b64144ccf1df_6.0.16299.125_none_15cbcf8893620c09\COMCTL32.dll
0x00007ffea3da0000 - 0x00007ffea3daa000 	C:\Windows\SYSTEM32\VERSION.dll
0x00007ffeb0d70000 - 0x00007ffeb1078000 	C:\Windows\System32\combase.dll
0x00007ffeadff0000 - 0x00007ffeae062000 	C:\Windows\System32\bcryptPrimitives.dll
0x00007ffeaf160000 - 0x00007ffeaf18d000 	C:\Windows\System32\IMM32.DLL
0x00007ffe819f0000 - 0x00007ffe81adf000 	C:\Program Files\Java\jdk-10.0.2\bin\msvcr120.dll
0x00007ffe81940000 - 0x00007ffe819e6000 	C:\Program Files\Java\jdk-10.0.2\bin\msvcp120.dll
0x0000000054aa0000 - 0x0000000055510000 	C:\Program Files\Java\jdk-10.0.2\bin\server\jvm.dll
0x00007ffeb1140000 - 0x00007ffeb1148000 	C:\Windows\System32\PSAPI.DLL
0x00007ffe9fa60000 - 0x00007ffe9fa69000 	C:\Windows\SYSTEM32\WSOCK32.dll
0x00007ffea9f40000 - 0x00007ffea9f63000 	C:\Windows\SYSTEM32\WINMM.dll
0x00007ffea9ee0000 - 0x00007ffea9f0a000 	C:\Windows\SYSTEM32\WINMMBASE.dll
0x00007ffeae6f0000 - 0x00007ffeae73a000 	C:\Windows\System32\cfgmgr32.dll
0x00007ffeb1280000 - 0x00007ffeb12ec000 	C:\Windows\System32\WS2_32.dll
0x00007ffea7190000 - 0x00007ffea719f000 	C:\Program Files\Java\jdk-10.0.2\bin\verify.dll
0x00007ffe9af60000 - 0x00007ffe9b128000 	C:\Windows\SYSTEM32\DBGHELP.DLL
0x00007ffe9ae80000 - 0x00007ffe9aea9000 	C:\Windows\SYSTEM32\dbgcore.DLL
0x00007ffea0fb0000 - 0x00007ffea0fd7000 	C:\Program Files\Java\jdk-10.0.2\bin\java.dll
0x00007ffea1870000 - 0x00007ffea1886000 	C:\Program Files\Java\jdk-10.0.2\bin\zip.dll
0x00007ffea1f90000 - 0x00007ffea1f9a000 	C:\Program Files\Java\jdk-10.0.2\bin\jimage.dll
0x00007ffeaf5a0000 - 0x00007ffeb09d6000 	C:\Windows\System32\SHELL32.dll
0x00007ffeaf3c0000 - 0x00007ffeaf466000 	C:\Windows\System32\shcore.dll
0x00007ffeae970000 - 0x00007ffeaf0b7000 	C:\Windows\System32\windows.storage.dll
0x00007ffeb1220000 - 0x00007ffeb1271000 	C:\Windows\System32\shlwapi.dll
0x00007ffeadf60000 - 0x00007ffeadf71000 	C:\Windows\System32\kernel.appcore.dll
0x00007ffeadf80000 - 0x00007ffeadfcc000 	C:\Windows\System32\powrprof.dll
0x00007ffeadfd0000 - 0x00007ffeadfeb000 	C:\Windows\System32\profapi.dll
0x00007ffea0f80000 - 0x00007ffea0f9a000 	C:\Program Files\Java\jdk-10.0.2\bin\net.dll
0x00007ffeaa8c0000 - 0x00007ffeaa99e000 	C:\Windows\SYSTEM32\WINHTTP.dll
0x00007ffead7d0000 - 0x00007ffead836000 	C:\Windows\system32\mswsock.dll
0x00007ffea0f60000 - 0x00007ffea0f71000 	C:\Program Files\Java\jdk-10.0.2\bin\nio.dll
0x00007ffe90480000 - 0x00007ffe9049e000 	C:\Users\manje_000\.gradle\native\25\windows-amd64\native-platform.dll
0x00007ffea1300000 - 0x00007ffea130a000 	C:\Users\manje_000\.gradle\native\jansi\1.14\windows64\jansi.dll
0x00007ffea0f50000 - 0x00007ffea0f59000 	C:\Program Files\Java\jdk-10.0.2\bin\management.dll
0x00007ffea0f40000 - 0x00007ffea0f4a000 	C:\Program Files\Java\jdk-10.0.2\bin\management_ext.dll
0x00007ffead9a0000 - 0x00007ffead9b7000 	C:\Windows\SYSTEM32\CRYPTSP.dll
0x00007ffead3e0000 - 0x00007ffead413000 	C:\Windows\system32\rsaenh.dll
0x00007ffeadaa0000 - 0x00007ffeadac5000 	C:\Windows\SYSTEM32\bcrypt.dll
0x00007ffeade70000 - 0x00007ffeade99000 	C:\Windows\SYSTEM32\USERENV.dll
0x00007ffead990000 - 0x00007ffead99b000 	C:\Windows\SYSTEM32\CRYPTBASE.dll
0x00007ffead560000 - 0x00007ffead599000 	C:\Windows\SYSTEM32\IPHLPAPI.DLL
0x00007ffeaf590000 - 0x00007ffeaf598000 	C:\Windows\System32\NSI.dll
0x00007ffea7900000 - 0x00007ffea7916000 	C:\Windows\SYSTEM32\dhcpcsvc6.DLL
0x00007ffea7360000 - 0x00007ffea737a000 	C:\Windows\SYSTEM32\dhcpcsvc.DLL

dbghelp: loaded successfully - version: 4.0.5 - missing functions: none
symbol engine: initialized successfully - sym options: 0x614 - pdb path: .;C:\Program Files\Java\jdk-10.0.2\bin;C:\Windows\SYSTEM32;C:\Windows\WinSxS\amd64_microsoft.windows.common-controls_6595b64144ccf1df_6.0.16299.125_none_15cbcf8893620c09;C:\Program Files\Java\jdk-10.0.2\bin\server;C:\Users\manje_000\.gradle\native\25\windows-amd64;C:\Users\manje_000\.gradle\native\jansi\1.14\windows64

VM Arguments:
jvm_args: -Dorg.gradle.appname=gradlew 
java_command: org.gradle.wrapper.GradleWrapperMain installDebug
java_class_path (initial): D:\retailo2\android\\gradle\wrapper\gradle-wrapper.jar
Launcher Type: SUN_STANDARD

Logging:
Log output configuration:
#0: stdout all=warning uptime,level,tags
#1: stderr all=off uptime,level,tags

Environment Variables:
JAVA_HOME=C:\Program Files\Java\jdk-10.0.2
CLASSPATH=D:\retailo2\android\\gradle\wrapper\gradle-wrapper.jar
PATH=C:\Users\manje_000\AppData\Local\Programs\Python\Python36;C:\Users\manje_000\AppData\Local\Programs\Python\Python36\Scripts;C:\Program Files (x86)\Common Files\Oracle\Java\javapath;C:\Python27\;C:\Python27\Scripts;C:\Program Files\NVIDIA GPU Computing Toolkit\CUDA\v9.0\bin;C:\Program Files\NVIDIA GPU Computing Toolkit\CUDA\v9.0\libnvvp;C:\Program Files (x86)\Intel\iCLS Client\;C:\Program Files\Intel\iCLS Client\;C:\Windows\system32;C:\Windows;C:\Windows\System32\Wbem;C:\Windows\System32\WindowsPowerShell\v1.0\;C:\Users\manje_000\AppData\Local\Android\Sdk\platform-tools\;C:\WINDOWS\system32;C:\WINDOWS;C:\WINDOWS\System32\Wbem;C:\WINDOWS\System32\WindowsPowerShell\v1.0\;C:\Program Files (x86)\Windows Live\Shared;C:\Program Files (x86)\Skype\Phone\;C:\Program Files\Intel\Intel(R) Management Engine Components\DAL;C:\Program Files\Intel\Intel(R) Management Engine Components\IPT;C:\Program Files (x86)\Intel\Intel(R) Management Engine Components\DAL;C:\Program Files (x86)\Intel\Intel(R) Management Engine Components\IPT;C:\Program Files\Git LFS;C:\Program Files (x86)\Microsoft Visual Studio 14.0\VC\bin;C:\Program Files (x86)\GnuWin32\bin;C:\Program Files\CMake\bin;C:\Program Files (x86)\NVIDIA Corporation\PhysX\Common;C:\Users\manje_000\.dnx\bin;C:\Program Files\Microsoft DNX\Dnvm\;C:\Program Files\Microsoft SQL Server\130\Tools\Binn\;C:\Program Files\Git\cmd;C:\Program Files\TortoiseSVN\bin;G:\Manjeet\DeepLearning\protoc-3.0.0-win32\bin;C:\Users\manje_000\Anaconda3;C:\ProgramData\chocolatey\bin;C:\Program Files\Java\jdk-10.0.2\bin;C:\Program Files\nodejs\;C:\MinGW\bin;C:\Program Files\Java\jre-10.0.2\bin;C:\PostgreSQL\pg96\bin;C:\PostgreSQL\pg96\lib;C:\Users\manje_000\AppData\Local\Programs\Python\Python36\Scripts\;C:\Users\manje_000\AppData\Local\Programs\Python\Python36\;C:\Users\manje_000\AppData\Local\Google\Cloud SDK\google-cloud-sdk\bin;C:\Users\manje_000\AppData\Local\Yarn\bin;C:\Users\manje_000\AppData\Roaming\npm;C:\Program Files\Microsoft VS Code\bin
USERNAME=manje_000
OS=Windows_NT
PROCESSOR_IDENTIFIER=Intel64 Family 6 Model 69 Stepping 1, GenuineIntel



---------------  S Y S T E M  ---------------

OS: Windows 10 , 64 bit Build 16299 (10.0.16299.15)

CPU:total 4 (initial active 4) (2 cores per cpu, 2 threads per core) family 6 model 69 stepping 1, cmov, cx8, fxsr, mmx, sse, sse2, sse3, ssse3, sse4.1, sse4.2, popcnt, avx, avx2, aes, clmul, erms, lzcnt, ht, tsc, tscinvbit, bmi1, bmi2, fma

Memory: 4k page, physical 8290124k(288304k free), swap 11147084k(5500k free)

vm_info: Java HotSpot(TM) 64-Bit Server VM (10.0.2+13) for windows-amd64 JRE (10.0.2+13), built on Jun 28 2018 01:57:56 by "mach5one" with MS VC++ 12.0 (VS2013)

END.
